# JRE version: OpenJDK Runtime Environment (17.0.6) (build 17.0.6+0-b2043.56-10027231)
# Java VM: OpenJDK 64-Bit Server VM (17.0.6+0-b2043.56-10027231, mixed mode, tiered, compressed oops, compressed class ptrs, g1 gc, windows-amd64)
GC Precious Log:
 CPUs: 4 total, 4 available
 Memory: 8083M
 Large Page Support: Disabled
 NUMA Support: Disabled
 Compressed Oops: Enabled (32-bit)
 Heap Region Size: 1M
 Heap Min Capacity: 8M
 Heap Initial Capacity: 128M
 Heap Max Capacity: 2022M
 Pre-touch: Disabled
 Parallel Workers: 4
 Concurrent Workers: 1
 Concurrent Refinement Workers: 4
 Periodic GC: Disabled
Heap:
 garbage-first heap   total 122880K, used 63699K [0x0000000081a00000, 0x0000000100000000)
  region size 1024K, 11 young (11264K), 1 survivors (1024K)
 Metaspace       used 62197K, committed 62528K, reserved 1105920K
  class space    used 7389K, committed 7552K, reserved 1048576K
GC Heap History (20 events):
Event: 4.960 GC heap before
{Heap before GC invocations=15 (full 0):
 garbage-first heap   total 48128K, used 33939K [0x0000000081a00000, 0x0000000100000000)
  region size 1024K, 10 young (10240K), 1 survivors (1024K)
 Metaspace       used 45653K, committed 45888K, reserved 1089536K
  class space    used 5581K, committed 5696K, reserved 1048576K
}
Event: 4.967 GC heap after
{Heap after GC invocations=16 (full 0):
 garbage-first heap   total 48128K, used 26560K [0x0000000081a00000, 0x0000000100000000)
  region size 1024K, 2 young (2048K), 2 survivors (2048K)
 Metaspace       used 45653K, committed 45888K, reserved 1089536K
  class space    used 5581K, committed 5696K, reserved 1048576K
}
Event: 5.271 GC heap before
{Heap before GC invocations=16 (full 0):
 garbage-first heap   total 48128K, used 35776K [0x0000000081a00000, 0x0000000100000000)
  region size 1024K, 12 young (12288K), 2 survivors (2048K)
 Metaspace       used 47240K, committed 47552K, reserved 1097728K
  class space    used 5764K, committed 5888K, reserved 1048576K
}
Event: 5.280 GC heap after
{Heap after GC invocations=17 (full 0):
 garbage-first heap   total 48128K, used 28170K [0x0000000081a00000, 0x0000000100000000)
  region size 1024K, 2 young (2048K), 2 survivors (2048K)
 Metaspace       used 47240K, committed 47552K, reserved 1097728K
  class space    used 5764K, committed 5888K, reserved 1048576K
}
Event: 5.452 GC heap before
{Heap before GC invocations=18 (full 0):
 garbage-first heap   total 53248K, used 30218K [0x0000000081a00000, 0x0000000100000000)
  region size 1024K, 5 young (5120K), 2 survivors (2048K)
 Metaspace       used 47421K, committed 47680K, reserved 1097728K
  class space    used 5775K, committed 5888K, reserved 1048576K
}
Event: 5.461 GC heap after
{Heap after GC invocations=19 (full 0):
 garbage-first heap   total 53248K, used 28943K [0x0000000081a00000, 0x0000000100000000)
  region size 1024K, 1 young (1024K), 1 survivors (1024K)
 Metaspace       used 47421K, committed 47680K, reserved 1097728K
  class space    used 5775K, committed 5888K, reserved 1048576K
}
Event: 5.610 GC heap before
{Heap before GC invocations=20 (full 0):
 garbage-first heap   total 58368K, used 39183K [0x0000000081a00000, 0x0000000100000000)
  region size 1024K, 11 young (11264K), 1 survivors (1024K)
 Metaspace       used 47525K, committed 47808K, reserved 1097728K
  class space    used 5775K, committed 5888K, reserved 1048576K
}
Event: 5.620 GC heap after
{Heap after GC invocations=21 (full 0):
 garbage-first heap   total 58368K, used 32243K [0x0000000081a00000, 0x0000000100000000)
  region size 1024K, 2 young (2048K), 2 survivors (2048K)
 Metaspace       used 47525K, committed 47808K, reserved 1097728K
  class space    used 5775K, committed 5888K, reserved 1048576K
}
Event: 5.697 GC heap before
{Heap before GC invocations=21 (full 0):
 garbage-first heap   total 58368K, used 43507K [0x0000000081a00000, 0x0000000100000000)
  region size 1024K, 13 young (13312K), 2 survivors (2048K)
 Metaspace       used 47560K, committed 47808K, reserved 1097728K
  class space    used 5775K, committed 5888K, reserved 1048576K
}
Event: 5.708 GC heap after
{Heap after GC invocations=22 (full 0):
 garbage-first heap   total 102400K, used 33690K [0x0000000081a00000, 0x0000000100000000)
  region size 1024K, 2 young (2048K), 2 survivors (2048K)
 Metaspace       used 47560K, committed 47808K, reserved 1097728K
  class space    used 5775K, committed 5888K, reserved 1048576K
}
Event: 7.110 GC heap before
{Heap before GC invocations=23 (full 0):
 garbage-first heap   total 102400K, used 73626K [0x0000000081a00000, 0x0000000100000000)
  region size 1024K, 41 young (41984K), 2 survivors (2048K)
 Metaspace       used 52713K, committed 53056K, reserved 1097728K
  class space    used 6292K, committed 6464K, reserved 1048576K
}
Event: 7.131 GC heap after
{Heap after GC invocations=24 (full 0):
 garbage-first heap   total 102400K, used 38318K [0x0000000081a00000, 0x0000000100000000)
  region size 1024K, 6 young (6144K), 6 survivors (6144K)
 Metaspace       used 52713K, committed 53056K, reserved 1097728K
  class space    used 6292K, committed 6464K, reserved 1048576K
}
Event: 8.235 GC heap before
{Heap before GC invocations=24 (full 0):
 garbage-first heap   total 102400K, used 73134K [0x0000000081a00000, 0x0000000100000000)
  region size 1024K, 40 young (40960K), 6 survivors (6144K)
 Metaspace       used 53893K, committed 54208K, reserved 1097728K
  class space    used 6329K, committed 6464K, reserved 1048576K
}
Event: 8.270 GC heap after
{Heap after GC invocations=25 (full 0):
 garbage-first heap   total 102400K, used 44224K [0x0000000081a00000, 0x0000000100000000)
  region size 1024K, 5 young (5120K), 5 survivors (5120K)
 Metaspace       used 53893K, committed 54208K, reserved 1097728K
  class space    used 6329K, committed 6464K, reserved 1048576K
}
Event: 8.925 GC heap before
{Heap before GC invocations=25 (full 0):
 garbage-first heap   total 102400K, used 75968K [0x0000000081a00000, 0x0000000100000000)
  region size 1024K, 36 young (36864K), 5 survivors (5120K)
 Metaspace       used 56417K, committed 56704K, reserved 1105920K
  class space    used 6633K, committed 6784K, reserved 1048576K
}
Event: 8.949 GC heap after
{Heap after GC invocations=26 (full 0):
 garbage-first heap   total 102400K, used 47795K [0x0000000081a00000, 0x0000000100000000)
  region size 1024K, 3 young (3072K), 3 survivors (3072K)
 Metaspace       used 56417K, committed 56704K, reserved 1105920K
  class space    used 6633K, committed 6784K, reserved 1048576K
}
Event: 10.450 GC heap before
{Heap before GC invocations=26 (full 0):
 garbage-first heap   total 102400K, used 77491K [0x0000000081a00000, 0x0000000100000000)
  region size 1024K, 32 young (32768K), 3 survivors (3072K)
 Metaspace       used 61834K, committed 62144K, reserved 1105920K
  class space    used 7372K, committed 7488K, reserved 1048576K
}
Event: 10.476 GC heap after
{Heap after GC invocations=27 (full 0):
 garbage-first heap   total 102400K, used 52419K [0x0000000081a00000, 0x0000000100000000)
  region size 1024K, 4 young (4096K), 4 survivors (4096K)
 Metaspace       used 61834K, committed 62144K, reserved 1105920K
  class space    used 7372K, committed 7488K, reserved 1048576K
}
Event: 10.486 GC heap before
{Heap before GC invocations=27 (full 0):
 garbage-first heap   total 102400K, used 52419K [0x0000000081a00000, 0x0000000100000000)
  region size 1024K, 5 young (5120K), 4 survivors (4096K)
 Metaspace       used 61839K, committed 62144K, reserved 1105920K
  class space    used 7372K, committed 7488K, reserved 1048576K
}
Event: 10.502 GC heap after
{Heap after GC invocations=28 (full 0):
 garbage-first heap   total 122880K, used 53459K [0x0000000081a00000, 0x0000000100000000)
  region size 1024K, 1 young (1024K), 1 survivors (1024K)
 Metaspace       used 61839K, committed 62144K, reserved 1105920K
  class space    used 7372K, committed 7488K, reserved 1048576K
}

