# JRE version: OpenJDK Runtime Environment (17.0.6) (build 17.0.6+0-b2043.56-10027231)
# Java VM: OpenJDK 64-Bit Server VM (17.0.6+0-b2043.56-10027231, mixed mode, tiered, compressed oops, compressed class ptrs, g1 gc, windows-amd64)
GC Precious Log:
 CPUs: 4 total, 4 available
 Memory: 8083M
 Large Page Support: Disabled
 NUMA Support: Disabled
 Compressed Oops: Enabled (32-bit)
 Heap Region Size: 1M
 Heap Min Capacity: 8M
 Heap Initial Capacity: 128M
 Heap Max Capacity: 2022M
 Pre-touch: Disabled
 Parallel Workers: 4
 Concurrent Workers: 1
 Concurrent Refinement Workers: 4
 Periodic GC: Disabled
Heap:
 garbage-first heap   total 125952K, used 73728K [0x0000000081a00000, 0x0000000100000000)
  region size 1024K, 33 young (33792K), 6 survivors (6144K)
 Metaspace       used 61682K, committed 61952K, reserved 1105920K
  class space    used 7355K, committed 7488K, reserved 1048576K
GC Heap History (20 events):
Event: 4.034 GC heap before
{Heap before GC invocations=10 (full 0):
 garbage-first heap   total 57344K, used 40954K [0x0000000081a00000, 0x0000000100000000)
  region size 1024K, 19 young (19456K), 1 survivors (1024K)
 Metaspace       used 39393K, committed 39616K, reserved 1089536K
  class space    used 4871K, committed 4928K, reserved 1048576K
}
Event: 4.041 GC heap after
{Heap after GC invocations=11 (full 0):
 garbage-first heap   total 57344K, used 23968K [0x0000000081a00000, 0x0000000100000000)
  region size 1024K, 3 young (3072K), 3 survivors (3072K)
 Metaspace       used 39393K, committed 39616K, reserved 1089536K
  class space    used 4871K, committed 4928K, reserved 1048576K
}
Event: 4.643 GC heap before
{Heap before GC invocations=12 (full 0):
 garbage-first heap   total 57344K, used 41376K [0x0000000081a00000, 0x0000000100000000)
  region size 1024K, 20 young (20480K), 3 survivors (3072K)
 Metaspace       used 43648K, committed 43840K, reserved 1089536K
  class space    used 5317K, committed 5376K, reserved 1048576K
}
Event: 4.650 GC heap after
{Heap after GC invocations=13 (full 0):
 garbage-first heap   total 57344K, used 25445K [0x0000000081a00000, 0x0000000100000000)
  region size 1024K, 2 young (2048K), 2 survivors (2048K)
 Metaspace       used 43648K, committed 43840K, reserved 1089536K
  class space    used 5317K, committed 5376K, reserved 1048576K
}
Event: 5.310 GC heap before
{Heap before GC invocations=13 (full 0):
 garbage-first heap   total 57344K, used 42853K [0x0000000081a00000, 0x0000000100000000)
  region size 1024K, 19 young (19456K), 2 survivors (2048K)
 Metaspace       used 47367K, committed 47616K, reserved 1097728K
  class space    used 5764K, committed 5888K, reserved 1048576K
}
Event: 5.321 GC heap after
{Heap after GC invocations=14 (full 0):
 garbage-first heap   total 57344K, used 27621K [0x0000000081a00000, 0x0000000100000000)
  region size 1024K, 3 young (3072K), 3 survivors (3072K)
 Metaspace       used 47367K, committed 47616K, reserved 1097728K
  class space    used 5764K, committed 5888K, reserved 1048576K
}
Event: 5.545 GC heap before
{Heap before GC invocations=14 (full 0):
 garbage-first heap   total 57344K, used 44005K [0x0000000081a00000, 0x0000000100000000)
  region size 1024K, 19 young (19456K), 3 survivors (3072K)
 Metaspace       used 47630K, committed 47936K, reserved 1097728K
  class space    used 5776K, committed 5888K, reserved 1048576K
}
Event: 5.562 GC heap after
{Heap after GC invocations=15 (full 0):
 garbage-first heap   total 69632K, used 32543K [0x0000000081a00000, 0x0000000100000000)
  region size 1024K, 3 young (3072K), 3 survivors (3072K)
 Metaspace       used 47630K, committed 47936K, reserved 1097728K
  class space    used 5776K, committed 5888K, reserved 1048576K
}
Event: 5.783 GC heap before
{Heap before GC invocations=15 (full 0):
 garbage-first heap   total 69632K, used 50975K [0x0000000081a00000, 0x0000000100000000)
  region size 1024K, 21 young (21504K), 3 survivors (3072K)
 Metaspace       used 48343K, committed 48640K, reserved 1097728K
  class space    used 5848K, committed 6016K, reserved 1048576K
}
Event: 5.793 GC heap after
{Heap after GC invocations=16 (full 0):
 garbage-first heap   total 69632K, used 33764K [0x0000000081a00000, 0x0000000100000000)
  region size 1024K, 2 young (2048K), 2 survivors (2048K)
 Metaspace       used 48343K, committed 48640K, reserved 1097728K
  class space    used 5848K, committed 6016K, reserved 1048576K
}
Event: 6.402 GC heap before
{Heap before GC invocations=16 (full 0):
 garbage-first heap   total 69632K, used 52196K [0x0000000081a00000, 0x0000000100000000)
  region size 1024K, 20 young (20480K), 2 survivors (2048K)
 Metaspace       used 50216K, committed 50496K, reserved 1097728K
  class space    used 6017K, committed 6144K, reserved 1048576K
}
Event: 6.414 GC heap after
{Heap after GC invocations=17 (full 0):
 garbage-first heap   total 69632K, used 37162K [0x0000000081a00000, 0x0000000100000000)
  region size 1024K, 3 young (3072K), 3 survivors (3072K)
 Metaspace       used 50216K, committed 50496K, reserved 1097728K
  class space    used 6017K, committed 6144K, reserved 1048576K
}
Event: 7.235 GC heap before
{Heap before GC invocations=18 (full 0):
 garbage-first heap   total 69632K, used 52522K [0x0000000081a00000, 0x0000000100000000)
  region size 1024K, 19 young (19456K), 3 survivors (3072K)
 Metaspace       used 53242K, committed 53568K, reserved 1097728K
  class space    used 6313K, committed 6464K, reserved 1048576K
}
Event: 7.255 GC heap after
{Heap after GC invocations=19 (full 0):
 garbage-first heap   total 69632K, used 40044K [0x0000000081a00000, 0x0000000100000000)
  region size 1024K, 3 young (3072K), 3 survivors (3072K)
 Metaspace       used 53242K, committed 53568K, reserved 1097728K
  class space    used 6313K, committed 6464K, reserved 1048576K
}
Event: 7.306 GC heap before
{Heap before GC invocations=19 (full 0):
 garbage-first heap   total 69632K, used 41068K [0x0000000081a00000, 0x0000000100000000)
  region size 1024K, 4 young (4096K), 3 survivors (3072K)
 Metaspace       used 53304K, committed 53632K, reserved 1097728K
  class space    used 6313K, committed 6464K, reserved 1048576K
}
Event: 7.315 GC heap after
{Heap after GC invocations=20 (full 0):
 garbage-first heap   total 69632K, used 39422K [0x0000000081a00000, 0x0000000100000000)
  region size 1024K, 1 young (1024K), 1 survivors (1024K)
 Metaspace       used 53304K, committed 53632K, reserved 1097728K
  class space    used 6313K, committed 6464K, reserved 1048576K
}
Event: 7.790 GC heap before
{Heap before GC invocations=20 (full 0):
 garbage-first heap   total 69632K, used 53758K [0x0000000081a00000, 0x0000000100000000)
  region size 1024K, 15 young (15360K), 1 survivors (1024K)
 Metaspace       used 53729K, committed 54016K, reserved 1097728K
  class space    used 6324K, committed 6464K, reserved 1048576K
}
Event: 7.800 GC heap after
{Heap after GC invocations=21 (full 0):
 garbage-first heap   total 125952K, used 41735K [0x0000000081a00000, 0x0000000100000000)
  region size 1024K, 2 young (2048K), 2 survivors (2048K)
 Metaspace       used 53729K, committed 54016K, reserved 1097728K
  class space    used 6324K, committed 6464K, reserved 1048576K
}
Event: 8.899 GC heap before
{Heap before GC invocations=22 (full 0):
 garbage-first heap   total 125952K, used 88839K [0x0000000081a00000, 0x0000000100000000)
  region size 1024K, 48 young (49152K), 2 survivors (2048K)
 Metaspace       used 56451K, committed 56768K, reserved 1105920K
  class space    used 6634K, committed 6784K, reserved 1048576K
}
Event: 8.920 GC heap after
{Heap after GC invocations=23 (full 0):
 garbage-first heap   total 125952K, used 47104K [0x0000000081a00000, 0x0000000100000000)
  region size 1024K, 6 young (6144K), 6 survivors (6144K)
 Metaspace       used 56451K, committed 56768K, reserved 1105920K
  class space    used 6634K, committed 6784K, reserved 1048576K
}

