# JRE version: OpenJDK Runtime Environment (17.0.6) (build 17.0.6+0-b2043.56-10027231)
# Java VM: OpenJDK 64-Bit Server VM (17.0.6+0-b2043.56-10027231, mixed mode, tiered, compressed oops, compressed class ptrs, g1 gc, windows-amd64)
GC Precious Log:
 CPUs: 4 total, 4 available
 Memory: 8083M
 Large Page Support: Disabled
 NUMA Support: Disabled
 Compressed Oops: Enabled (32-bit)
 Heap Region Size: 1M
 Heap Min Capacity: 8M
 Heap Initial Capacity: 128M
 Heap Max Capacity: 2G
 Pre-touch: Disabled
 Parallel Workers: 4
 Concurrent Workers: 1
 Concurrent Refinement Workers: 4
 Periodic GC: Disabled
Heap:
 garbage-first heap   total 300032K, used 144198K [0x0000000080000000, 0x0000000100000000)
  region size 1024K, 5 young (5120K), 5 survivors (5120K)
 Metaspace       used 107111K, committed 107776K, reserved 1146880K
  class space    used 14465K, committed 14784K, reserved 1048576K
GC Heap History (20 events):
Event: 27.091 GC heap after
{Heap after GC invocations=38 (full 0):
 garbage-first heap   total 137216K, used 78808K [0x0000000080000000, 0x0000000100000000)
  region size 1024K, 1 young (1024K), 1 survivors (1024K)
 Metaspace       used 83726K, committed 84288K, reserved 1122304K
  class space    used 11242K, committed 11520K, reserved 1048576K
}
Event: 28.349 GC heap before
{Heap before GC invocations=38 (full 0):
 garbage-first heap   total 137216K, used 110552K [0x0000000080000000, 0x0000000100000000)
  region size 1024K, 33 young (33792K), 1 survivors (1024K)
 Metaspace       used 85723K, committed 86272K, reserved 1130496K
  class space    used 11568K, committed 11840K, reserved 1048576K
}
Event: 28.371 GC heap after
{Heap after GC invocations=39 (full 0):
 garbage-first heap   total 300032K, used 82677K [0x0000000080000000, 0x0000000100000000)
  region size 1024K, 5 young (5120K), 5 survivors (5120K)
 Metaspace       used 85723K, committed 86272K, reserved 1130496K
  class space    used 11568K, committed 11840K, reserved 1048576K
}
Event: 31.836 GC heap before
{Heap before GC invocations=40 (full 0):
 garbage-first heap   total 300032K, used 222965K [0x0000000080000000, 0x0000000100000000)
  region size 1024K, 143 young (146432K), 5 survivors (5120K)
 Metaspace       used 89236K, committed 89792K, reserved 1130496K
  class space    used 11972K, committed 12224K, reserved 1048576K
}
Event: 31.863 GC heap after
{Heap after GC invocations=41 (full 0):
 garbage-first heap   total 300032K, used 92885K [0x0000000080000000, 0x0000000100000000)
  region size 1024K, 15 young (15360K), 15 survivors (15360K)
 Metaspace       used 89236K, committed 89792K, reserved 1130496K
  class space    used 11972K, committed 12224K, reserved 1048576K
}
Event: 31.877 GC heap before
{Heap before GC invocations=41 (full 0):
 garbage-first heap   total 300032K, used 92885K [0x0000000080000000, 0x0000000100000000)
  region size 1024K, 16 young (16384K), 15 survivors (15360K)
 Metaspace       used 89282K, committed 89920K, reserved 1130496K
  class space    used 11978K, committed 12288K, reserved 1048576K
}
Event: 31.896 GC heap after
{Heap after GC invocations=42 (full 0):
 garbage-first heap   total 300032K, used 94241K [0x0000000080000000, 0x0000000100000000)
  region size 1024K, 2 young (2048K), 2 survivors (2048K)
 Metaspace       used 89282K, committed 89920K, reserved 1130496K
  class space    used 11978K, committed 12288K, reserved 1048576K
}
Event: 34.369 GC heap before
{Heap before GC invocations=42 (full 0):
 garbage-first heap   total 300032K, used 224289K [0x0000000080000000, 0x0000000100000000)
  region size 1024K, 130 young (133120K), 2 survivors (2048K)
 Metaspace       used 101710K, committed 102336K, reserved 1138688K
  class space    used 13836K, committed 14080K, reserved 1048576K
}
Event: 34.396 GC heap after
{Heap after GC invocations=43 (full 0):
 garbage-first heap   total 300032K, used 107136K [0x0000000080000000, 0x0000000100000000)
  region size 1024K, 15 young (15360K), 15 survivors (15360K)
 Metaspace       used 101710K, committed 102336K, reserved 1138688K
  class space    used 13836K, committed 14080K, reserved 1048576K
}
Event: 37.066 GC heap before
{Heap before GC invocations=43 (full 0):
 garbage-first heap   total 300032K, used 227968K [0x0000000080000000, 0x0000000100000000)
  region size 1024K, 133 young (136192K), 15 survivors (15360K)
 Metaspace       used 105192K, committed 105792K, reserved 1146880K
  class space    used 14226K, committed 14528K, reserved 1048576K
}
Event: 37.087 GC heap after
{Heap after GC invocations=44 (full 0):
 garbage-first heap   total 300032K, used 106920K [0x0000000080000000, 0x0000000100000000)
  region size 1024K, 2 young (2048K), 2 survivors (2048K)
 Metaspace       used 105192K, committed 105792K, reserved 1146880K
  class space    used 14226K, committed 14528K, reserved 1048576K
}
Event: 38.285 GC heap before
{Heap before GC invocations=44 (full 0):
 garbage-first heap   total 300032K, used 240040K [0x0000000080000000, 0x0000000100000000)
  region size 1024K, 134 young (137216K), 2 survivors (2048K)
 Metaspace       used 106740K, committed 107392K, reserved 1146880K
  class space    used 14439K, committed 14784K, reserved 1048576K
}
Event: 38.295 GC heap after
{Heap after GC invocations=45 (full 0):
 garbage-first heap   total 300032K, used 108115K [0x0000000080000000, 0x0000000100000000)
  region size 1024K, 4 young (4096K), 4 survivors (4096K)
 Metaspace       used 106740K, committed 107392K, reserved 1146880K
  class space    used 14439K, committed 14784K, reserved 1048576K
}
Event: 39.237 GC heap before
{Heap before GC invocations=45 (full 0):
 garbage-first heap   total 300032K, used 243283K [0x0000000080000000, 0x0000000100000000)
  region size 1024K, 137 young (140288K), 4 survivors (4096K)
 Metaspace       used 106824K, committed 107520K, reserved 1146880K
  class space    used 14440K, committed 14784K, reserved 1048576K
}
Event: 39.264 GC heap after
{Heap after GC invocations=46 (full 0):
 garbage-first heap   total 300032K, used 120822K [0x0000000080000000, 0x0000000100000000)
  region size 1024K, 16 young (16384K), 16 survivors (16384K)
 Metaspace       used 106824K, committed 107520K, reserved 1146880K
  class space    used 14440K, committed 14784K, reserved 1048576K
}
Event: 40.135 GC heap before
{Heap before GC invocations=46 (full 0):
 garbage-first heap   total 300032K, used 241654K [0x0000000080000000, 0x0000000100000000)
  region size 1024K, 134 young (137216K), 16 survivors (16384K)
 Metaspace       used 106993K, committed 107648K, reserved 1146880K
  class space    used 14446K, committed 14784K, reserved 1048576K
}
Event: 40.174 GC heap after
{Heap after GC invocations=47 (full 0):
 garbage-first heap   total 300032K, used 126564K [0x0000000080000000, 0x0000000100000000)
  region size 1024K, 9 young (9216K), 9 survivors (9216K)
 Metaspace       used 106993K, committed 107648K, reserved 1146880K
  class space    used 14446K, committed 14784K, reserved 1048576K
}
Event: 40.849 GC heap before
{Heap before GC invocations=47 (full 0):
 garbage-first heap   total 300032K, used 242276K [0x0000000080000000, 0x0000000100000000)
  region size 1024K, 123 young (125952K), 9 survivors (9216K)
 Metaspace       used 107055K, committed 107712K, reserved 1146880K
  class space    used 14457K, committed 14784K, reserved 1048576K
}
Event: 40.891 GC heap after
{Heap after GC invocations=48 (full 0):
 garbage-first heap   total 300032K, used 141780K [0x0000000080000000, 0x0000000100000000)
  region size 1024K, 15 young (15360K), 15 survivors (15360K)
 Metaspace       used 107055K, committed 107712K, reserved 1146880K
  class space    used 14457K, committed 14784K, reserved 1048576K
}
Event: 41.759 GC heap before
{Heap before GC invocations=48 (full 0):
 garbage-first heap   total 300032K, used 243156K [0x0000000080000000, 0x0000000100000000)
  region size 1024K, 114 young (116736K), 15 survivors (15360K)
 Metaspace       used 107111K, committed 107776K, reserved 1146880K
  class space    used 14465K, committed 14784K, reserved 1048576K
}

