# JRE version: OpenJDK Runtime Environment (17.0.6) (build 17.0.6+0-b2043.56-10027231)
# Java VM: OpenJDK 64-Bit Server VM (17.0.6+0-b2043.56-10027231, mixed mode, tiered, compressed oops, compressed class ptrs, g1 gc, windows-amd64)
GC Precious Log:
 CPUs: 4 total, 4 available
 Memory: 8083M
 Large Page Support: Disabled
 NUMA Support: Disabled
 Compressed Oops: Enabled (32-bit)
 Heap Region Size: 1M
 Heap Min Capacity: 8M
 Heap Initial Capacity: 128M
 Heap Max Capacity: 2G
 Pre-touch: Disabled
 Parallel Workers: 4
 Concurrent Workers: 1
 Concurrent Refinement Workers: 4
 Periodic GC: Disabled
Heap:
 garbage-first heap   total 491520K, used 211303K [0x0000000080000000, 0x0000000100000000)
  region size 1024K, 13 young (13312K), 13 survivors (13312K)
 Metaspace       used 138768K, committed 139456K, reserved 1171456K
  class space    used 17767K, committed 18112K, reserved 1048576K
GC Heap History (20 events):
Event: 282.099 GC heap after
{Heap after GC invocations=156 (full 0):
 garbage-first heap   total 491520K, used 193806K [0x0000000080000000, 0x0000000100000000)
  region size 1024K, 3 young (3072K), 3 survivors (3072K)
 Metaspace       used 138691K, committed 139392K, reserved 1171456K
  class space    used 17760K, committed 18112K, reserved 1048576K
}
Event: 282.950 GC heap before
{Heap before GC invocations=156 (full 0):
 garbage-first heap   total 491520K, used 418062K [0x0000000080000000, 0x0000000100000000)
  region size 1024K, 222 young (227328K), 3 survivors (3072K)
 Metaspace       used 138695K, committed 139392K, reserved 1171456K
  class space    used 17760K, committed 18112K, reserved 1048576K
}
Event: 282.962 GC heap after
{Heap after GC invocations=157 (full 0):
 garbage-first heap   total 491520K, used 194058K [0x0000000080000000, 0x0000000100000000)
  region size 1024K, 3 young (3072K), 3 survivors (3072K)
 Metaspace       used 138695K, committed 139392K, reserved 1171456K
  class space    used 17760K, committed 18112K, reserved 1048576K
}
Event: 283.893 GC heap before
{Heap before GC invocations=157 (full 0):
 garbage-first heap   total 491520K, used 422410K [0x0000000080000000, 0x0000000100000000)
  region size 1024K, 226 young (231424K), 3 survivors (3072K)
 Metaspace       used 138696K, committed 139392K, reserved 1171456K
  class space    used 17760K, committed 18112K, reserved 1048576K
}
Event: 283.906 GC heap after
{Heap after GC invocations=158 (full 0):
 garbage-first heap   total 491520K, used 195033K [0x0000000080000000, 0x0000000100000000)
  region size 1024K, 4 young (4096K), 4 survivors (4096K)
 Metaspace       used 138696K, committed 139392K, reserved 1171456K
  class space    used 17760K, committed 18112K, reserved 1048576K
}
Event: 284.678 GC heap before
{Heap before GC invocations=158 (full 0):
 garbage-first heap   total 491520K, used 425433K [0x0000000080000000, 0x0000000100000000)
  region size 1024K, 229 young (234496K), 4 survivors (4096K)
 Metaspace       used 138698K, committed 139392K, reserved 1171456K
  class space    used 17761K, committed 18112K, reserved 1048576K
}
Event: 284.693 GC heap after
{Heap after GC invocations=159 (full 0):
 garbage-first heap   total 491520K, used 196055K [0x0000000080000000, 0x0000000100000000)
  region size 1024K, 5 young (5120K), 5 survivors (5120K)
 Metaspace       used 138698K, committed 139392K, reserved 1171456K
  class space    used 17761K, committed 18112K, reserved 1048576K
}
Event: 285.582 GC heap before
{Heap before GC invocations=159 (full 0):
 garbage-first heap   total 491520K, used 428503K [0x0000000080000000, 0x0000000100000000)
  region size 1024K, 232 young (237568K), 5 survivors (5120K)
 Metaspace       used 138700K, committed 139392K, reserved 1171456K
  class space    used 17761K, committed 18112K, reserved 1048576K
}
Event: 285.600 GC heap after
{Heap after GC invocations=160 (full 0):
 garbage-first heap   total 491520K, used 197212K [0x0000000080000000, 0x0000000100000000)
  region size 1024K, 6 young (6144K), 6 survivors (6144K)
 Metaspace       used 138700K, committed 139392K, reserved 1171456K
  class space    used 17761K, committed 18112K, reserved 1048576K
}
Event: 286.565 GC heap before
{Heap before GC invocations=160 (full 0):
 garbage-first heap   total 491520K, used 430684K [0x0000000080000000, 0x0000000100000000)
  region size 1024K, 234 young (239616K), 6 survivors (6144K)
 Metaspace       used 138715K, committed 139392K, reserved 1171456K
  class space    used 17761K, committed 18112K, reserved 1048576K
}
Event: 286.585 GC heap after
{Heap after GC invocations=161 (full 0):
 garbage-first heap   total 491520K, used 198621K [0x0000000080000000, 0x0000000100000000)
  region size 1024K, 7 young (7168K), 7 survivors (7168K)
 Metaspace       used 138715K, committed 139392K, reserved 1171456K
  class space    used 17761K, committed 18112K, reserved 1048576K
}
Event: 287.565 GC heap before
{Heap before GC invocations=161 (full 0):
 garbage-first heap   total 491520K, used 432093K [0x0000000080000000, 0x0000000100000000)
  region size 1024K, 235 young (240640K), 7 survivors (7168K)
 Metaspace       used 138721K, committed 139392K, reserved 1171456K
  class space    used 17761K, committed 18112K, reserved 1048576K
}
Event: 287.587 GC heap after
{Heap after GC invocations=162 (full 0):
 garbage-first heap   total 491520K, used 198656K [0x0000000080000000, 0x0000000100000000)
  region size 1024K, 7 young (7168K), 7 survivors (7168K)
 Metaspace       used 138721K, committed 139392K, reserved 1171456K
  class space    used 17761K, committed 18112K, reserved 1048576K
}
Event: 288.878 GC heap before
{Heap before GC invocations=162 (full 0):
 garbage-first heap   total 491520K, used 399360K [0x0000000080000000, 0x0000000100000000)
  region size 1024K, 203 young (207872K), 7 survivors (7168K)
 Metaspace       used 138747K, committed 139456K, reserved 1171456K
  class space    used 17761K, committed 18112K, reserved 1048576K
}
Event: 288.911 GC heap after
{Heap after GC invocations=163 (full 0):
 garbage-first heap   total 491520K, used 206816K [0x0000000080000000, 0x0000000100000000)
  region size 1024K, 13 young (13312K), 13 survivors (13312K)
 Metaspace       used 138747K, committed 139456K, reserved 1171456K
  class space    used 17761K, committed 18112K, reserved 1048576K
}
Event: 289.983 GC heap before
{Heap before GC invocations=163 (full 0):
 garbage-first heap   total 491520K, used 432096K [0x0000000080000000, 0x0000000100000000)
  region size 1024K, 230 young (235520K), 13 survivors (13312K)
 Metaspace       used 138757K, committed 139456K, reserved 1171456K
  class space    used 17762K, committed 18112K, reserved 1048576K
}
Event: 290.027 GC heap after
{Heap after GC invocations=164 (full 0):
 garbage-first heap   total 491520K, used 213461K [0x0000000080000000, 0x0000000100000000)
  region size 1024K, 22 young (22528K), 22 survivors (22528K)
 Metaspace       used 138757K, committed 139456K, reserved 1171456K
  class space    used 17762K, committed 18112K, reserved 1048576K
}
Event: 290.854 GC heap before
{Heap before GC invocations=164 (full 0):
 garbage-first heap   total 491520K, used 418261K [0x0000000080000000, 0x0000000100000000)
  region size 1024K, 222 young (227328K), 22 survivors (22528K)
 Metaspace       used 138765K, committed 139456K, reserved 1171456K
  class space    used 17765K, committed 18112K, reserved 1048576K
}
Event: 290.893 GC heap after
{Heap after GC invocations=165 (full 0):
 garbage-first heap   total 491520K, used 211815K [0x0000000080000000, 0x0000000100000000)
  region size 1024K, 14 young (14336K), 14 survivors (14336K)
 Metaspace       used 138765K, committed 139456K, reserved 1171456K
  class space    used 17765K, committed 18112K, reserved 1048576K
}
Event: 291.749 GC heap before
{Heap before GC invocations=165 (full 0):
 garbage-first heap   total 491520K, used 421735K [0x0000000080000000, 0x0000000100000000)
  region size 1024K, 219 young (224256K), 14 survivors (14336K)
 Metaspace       used 138768K, committed 139456K, reserved 1171456K
  class space    used 17767K, committed 18112K, reserved 1048576K
}

