# JRE version: OpenJDK Runtime Environment (17.0.6) (build 17.0.6+0-b2043.56-10027231)
# Java VM: OpenJDK 64-Bit Server VM (17.0.6+0-b2043.56-10027231, mixed mode, tiered, compressed oops, compressed class ptrs, g1 gc, windows-amd64)
GC Precious Log:
 CPUs: 4 total, 4 available
 Memory: 8083M
 Large Page Support: Disabled
 NUMA Support: Disabled
 Compressed Oops: Enabled (32-bit)
 Heap Region Size: 1M
 Heap Min Capacity: 8M
 Heap Initial Capacity: 128M
 Heap Max Capacity: 2022M
 Pre-touch: Disabled
 Parallel Workers: 4
 Concurrent Workers: 1
 Concurrent Refinement Workers: 4
 Periodic GC: Disabled
Heap:
 garbage-first heap   total 131072K, used 50176K [0x0000000081a00000, 0x0000000100000000)
  region size 1024K, 5 young (5120K), 5 survivors (5120K)
 Metaspace       used 61847K, committed 62080K, reserved 1105920K
  class space    used 7373K, committed 7488K, reserved 1048576K
GC Heap History (20 events):
Event: 2.617 GC heap after
{Heap after GC invocations=6 (full 0):
 garbage-first heap   total 37888K, used 14575K [0x0000000081a00000, 0x0000000100000000)
  region size 1024K, 1 young (1024K), 1 survivors (1024K)
 Metaspace       used 27163K, committed 27392K, reserved 1081344K
  class space    used 2973K, committed 3072K, reserved 1048576K
}
Event: 3.063 GC heap before
{Heap before GC invocations=6 (full 0):
 garbage-first heap   total 37888K, used 27887K [0x0000000081a00000, 0x0000000100000000)
  region size 1024K, 14 young (14336K), 1 survivors (1024K)
 Metaspace       used 30895K, committed 31104K, reserved 1081344K
  class space    used 3741K, committed 3840K, reserved 1048576K
}
Event: 3.069 GC heap after
{Heap after GC invocations=7 (full 0):
 garbage-first heap   total 65536K, used 15681K [0x0000000081a00000, 0x0000000100000000)
  region size 1024K, 2 young (2048K), 2 survivors (2048K)
 Metaspace       used 30895K, committed 31104K, reserved 1081344K
  class space    used 3741K, committed 3840K, reserved 1048576K
}
Event: 3.823 GC heap before
{Heap before GC invocations=7 (full 0):
 garbage-first heap   total 65536K, used 45377K [0x0000000081a00000, 0x0000000100000000)
  region size 1024K, 30 young (30720K), 2 survivors (2048K)
 Metaspace       used 35965K, committed 36160K, reserved 1081344K
  class space    used 4537K, committed 4608K, reserved 1048576K
}
Event: 3.834 GC heap after
{Heap after GC invocations=8 (full 0):
 garbage-first heap   total 65536K, used 21925K [0x0000000081a00000, 0x0000000100000000)
  region size 1024K, 5 young (5120K), 5 survivors (5120K)
 Metaspace       used 35965K, committed 36160K, reserved 1081344K
  class space    used 4537K, committed 4608K, reserved 1048576K
}
Event: 4.436 GC heap before
{Heap before GC invocations=9 (full 0):
 garbage-first heap   total 65536K, used 45477K [0x0000000081a00000, 0x0000000100000000)
  region size 1024K, 29 young (29696K), 5 survivors (5120K)
 Metaspace       used 40859K, committed 41088K, reserved 1089536K
  class space    used 5008K, committed 5120K, reserved 1048576K
}
Event: 4.456 GC heap after
{Heap after GC invocations=10 (full 0):
 garbage-first heap   total 65536K, used 25034K [0x0000000081a00000, 0x0000000100000000)
  region size 1024K, 3 young (3072K), 3 survivors (3072K)
 Metaspace       used 40859K, committed 41088K, reserved 1089536K
  class space    used 5008K, committed 5120K, reserved 1048576K
}
Event: 4.473 GC heap before
{Heap before GC invocations=10 (full 0):
 garbage-first heap   total 65536K, used 26058K [0x0000000081a00000, 0x0000000100000000)
  region size 1024K, 4 young (4096K), 3 survivors (3072K)
 Metaspace       used 40929K, committed 41152K, reserved 1089536K
  class space    used 5017K, committed 5120K, reserved 1048576K
}
Event: 4.482 GC heap after
{Heap after GC invocations=11 (full 0):
 garbage-first heap   total 65536K, used 25173K [0x0000000081a00000, 0x0000000100000000)
  region size 1024K, 1 young (1024K), 1 survivors (1024K)
 Metaspace       used 40929K, committed 41152K, reserved 1089536K
  class space    used 5017K, committed 5120K, reserved 1048576K
}
Event: 5.337 GC heap before
{Heap before GC invocations=11 (full 0):
 garbage-first heap   total 65536K, used 48725K [0x0000000081a00000, 0x0000000100000000)
  region size 1024K, 24 young (24576K), 1 survivors (1024K)
 Metaspace       used 46870K, committed 47104K, reserved 1097728K
  class space    used 5700K, committed 5824K, reserved 1048576K
}
Event: 5.354 GC heap after
{Heap after GC invocations=12 (full 0):
 garbage-first heap   total 131072K, used 26824K [0x0000000081a00000, 0x0000000100000000)
  region size 1024K, 3 young (3072K), 3 survivors (3072K)
 Metaspace       used 46870K, committed 47104K, reserved 1097728K
  class space    used 5700K, committed 5824K, reserved 1048576K
}
Event: 6.665 GC heap before
{Heap before GC invocations=13 (full 0):
 garbage-first heap   total 99328K, used 84168K [0x0000000081a00000, 0x0000000100000000)
  region size 1024K, 59 young (60416K), 3 survivors (3072K)
 Metaspace       used 50221K, committed 50496K, reserved 1097728K
  class space    used 6016K, committed 6144K, reserved 1048576K
}
Event: 6.681 GC heap after
{Heap after GC invocations=14 (full 0):
 garbage-first heap   total 99328K, used 33317K [0x0000000081a00000, 0x0000000100000000)
  region size 1024K, 9 young (9216K), 9 survivors (9216K)
 Metaspace       used 50221K, committed 50496K, reserved 1097728K
  class space    used 6016K, committed 6144K, reserved 1048576K
}
Event: 6.742 GC heap before
{Heap before GC invocations=14 (full 0):
 garbage-first heap   total 99328K, used 34341K [0x0000000081a00000, 0x0000000100000000)
  region size 1024K, 10 young (10240K), 9 survivors (9216K)
 Metaspace       used 50427K, committed 50752K, reserved 1097728K
  class space    used 6046K, committed 6208K, reserved 1048576K
}
Event: 6.758 GC heap after
{Heap after GC invocations=15 (full 0):
 garbage-first heap   total 99328K, used 33966K [0x0000000081a00000, 0x0000000100000000)
  region size 1024K, 1 young (1024K), 1 survivors (1024K)
 Metaspace       used 50427K, committed 50752K, reserved 1097728K
  class space    used 6046K, committed 6208K, reserved 1048576K
}
Event: 8.231 GC heap before
{Heap before GC invocations=15 (full 0):
 garbage-first heap   total 99328K, used 75950K [0x0000000081a00000, 0x0000000100000000)
  region size 1024K, 42 young (43008K), 1 survivors (1024K)
 Metaspace       used 53808K, committed 54080K, reserved 1097728K
  class space    used 6323K, committed 6464K, reserved 1048576K
}
Event: 8.253 GC heap after
{Heap after GC invocations=16 (full 0):
 garbage-first heap   total 99328K, used 40448K [0x0000000081a00000, 0x0000000100000000)
  region size 1024K, 6 young (6144K), 6 survivors (6144K)
 Metaspace       used 53808K, committed 54080K, reserved 1097728K
  class space    used 6323K, committed 6464K, reserved 1048576K
}
Event: 9.048 GC heap before
{Heap before GC invocations=16 (full 0):
 garbage-first heap   total 99328K, used 74240K [0x0000000081a00000, 0x0000000100000000)
  region size 1024K, 39 young (39936K), 6 survivors (6144K)
 Metaspace       used 56167K, committed 56448K, reserved 1105920K
  class space    used 6596K, committed 6720K, reserved 1048576K
}
Event: 9.079 GC heap after
{Heap after GC invocations=17 (full 0):
 garbage-first heap   total 99328K, used 43702K [0x0000000081a00000, 0x0000000100000000)
  region size 1024K, 3 young (3072K), 3 survivors (3072K)
 Metaspace       used 56167K, committed 56448K, reserved 1105920K
  class space    used 6596K, committed 6720K, reserved 1048576K
}
Event: 10.552 GC heap before
{Heap before GC invocations=17 (full 0):
 garbage-first heap   total 99328K, used 77494K [0x0000000081a00000, 0x0000000100000000)
  region size 1024K, 35 young (35840K), 3 survivors (3072K)
 Metaspace       used 61847K, committed 62080K, reserved 1105920K
  class space    used 7373K, committed 7488K, reserved 1048576K
}

