# JRE version: OpenJDK Runtime Environment (17.0.6) (build 17.0.6+0-b2043.56-10027231)
# Java VM: OpenJDK 64-Bit Server VM (17.0.6+0-b2043.56-10027231, mixed mode, tiered, compressed oops, compressed class ptrs, g1 gc, windows-amd64)
GC Precious Log:
 CPUs: 4 total, 4 available
 Memory: 8083M
 Large Page Support: Disabled
 NUMA Support: Disabled
 Compressed Oops: Enabled (32-bit)
 Heap Region Size: 1M
 Heap Min Capacity: 8M
 Heap Initial Capacity: 128M
 Heap Max Capacity: 2G
 Pre-touch: Disabled
 Parallel Workers: 4
 Concurrent Workers: 1
 Concurrent Refinement Workers: 4
 Periodic GC: Disabled
Heap:
 garbage-first heap   total 379904K, used 197584K [0x0000000080000000, 0x0000000100000000)
  region size 1024K, 67 young (68608K), 5 survivors (5120K)
 Metaspace       used 123114K, committed 123712K, reserved 1163264K
  class space    used 16367K, committed 16640K, reserved 1048576K
GC Heap History (20 events):
Event: 41.556 GC heap before
{Heap before GC invocations=52 (full 0):
 garbage-first heap   total 379904K, used 329917K [0x0000000080000000, 0x0000000100000000)
  region size 1024K, 179 young (183296K), 11 survivors (11264K)
 Metaspace       used 109016K, committed 109696K, reserved 1146880K
  class space    used 14700K, committed 15040K, reserved 1048576K
}
Event: 41.580 GC heap after
{Heap after GC invocations=53 (full 0):
 garbage-first heap   total 379904K, used 155912K [0x0000000080000000, 0x0000000100000000)
  region size 1024K, 10 young (10240K), 10 survivors (10240K)
 Metaspace       used 109016K, committed 109696K, reserved 1146880K
  class space    used 14700K, committed 15040K, reserved 1048576K
}
Event: 43.812 GC heap before
{Heap before GC invocations=53 (full 0):
 garbage-first heap   total 379904K, used 331016K [0x0000000080000000, 0x0000000100000000)
  region size 1024K, 180 young (184320K), 10 survivors (10240K)
 Metaspace       used 112226K, committed 112768K, reserved 1146880K
  class space    used 15111K, committed 15360K, reserved 1048576K
}
Event: 43.835 GC heap after
{Heap after GC invocations=54 (full 0):
 garbage-first heap   total 379904K, used 154828K [0x0000000080000000, 0x0000000100000000)
  region size 1024K, 9 young (9216K), 9 survivors (9216K)
 Metaspace       used 112226K, committed 112768K, reserved 1146880K
  class space    used 15111K, committed 15360K, reserved 1048576K
}
Event: 44.365 GC heap before
{Heap before GC invocations=54 (full 0):
 garbage-first heap   total 379904K, used 161996K [0x0000000080000000, 0x0000000100000000)
  region size 1024K, 17 young (17408K), 9 survivors (9216K)
 Metaspace       used 114716K, committed 115328K, reserved 1155072K
  class space    used 15452K, committed 15744K, reserved 1048576K
}
Event: 44.389 GC heap after
{Heap after GC invocations=55 (full 0):
 garbage-first heap   total 379904K, used 155797K [0x0000000080000000, 0x0000000100000000)
  region size 1024K, 10 young (10240K), 10 survivors (10240K)
 Metaspace       used 114716K, committed 115328K, reserved 1155072K
  class space    used 15452K, committed 15744K, reserved 1048576K
}
Event: 51.590 GC heap before
{Heap before GC invocations=56 (full 0):
 garbage-first heap   total 379904K, used 331925K [0x0000000080000000, 0x0000000100000000)
  region size 1024K, 180 young (184320K), 10 survivors (10240K)
 Metaspace       used 118682K, committed 119360K, reserved 1155072K
  class space    used 15898K, committed 16192K, reserved 1048576K
}
Event: 51.616 GC heap after
{Heap after GC invocations=57 (full 0):
 garbage-first heap   total 379904K, used 163566K [0x0000000080000000, 0x0000000100000000)
  region size 1024K, 15 young (15360K), 15 survivors (15360K)
 Metaspace       used 118682K, committed 119360K, reserved 1155072K
  class space    used 15898K, committed 16192K, reserved 1048576K
}
Event: 51.648 GC heap before
{Heap before GC invocations=57 (full 0):
 garbage-first heap   total 379904K, used 165614K [0x0000000080000000, 0x0000000100000000)
  region size 1024K, 18 young (18432K), 15 survivors (15360K)
 Metaspace       used 118708K, committed 119424K, reserved 1155072K
  class space    used 15902K, committed 16256K, reserved 1048576K
}
Event: 51.671 GC heap after
{Heap after GC invocations=58 (full 0):
 garbage-first heap   total 379904K, used 146510K [0x0000000080000000, 0x0000000100000000)
  region size 1024K, 2 young (2048K), 2 survivors (2048K)
 Metaspace       used 118708K, committed 119424K, reserved 1155072K
  class space    used 15902K, committed 16256K, reserved 1048576K
}
Event: 54.922 GC heap before
{Heap before GC invocations=58 (full 0):
 garbage-first heap   total 379904K, used 326734K [0x0000000080000000, 0x0000000100000000)
  region size 1024K, 178 young (182272K), 2 survivors (2048K)
 Metaspace       used 118716K, committed 119424K, reserved 1155072K
  class space    used 15902K, committed 16256K, reserved 1048576K
}
Event: 54.925 GC heap after
{Heap after GC invocations=59 (full 0):
 garbage-first heap   total 379904K, used 147144K [0x0000000080000000, 0x0000000100000000)
  region size 1024K, 3 young (3072K), 3 survivors (3072K)
 Metaspace       used 118716K, committed 119424K, reserved 1155072K
  class space    used 15902K, committed 16256K, reserved 1048576K
}
Event: 57.868 GC heap before
{Heap before GC invocations=60 (full 0):
 garbage-first heap   total 379904K, used 319176K [0x0000000080000000, 0x0000000100000000)
  region size 1024K, 179 young (183296K), 3 survivors (3072K)
 Metaspace       used 118717K, committed 119488K, reserved 1155072K
  class space    used 15902K, committed 16256K, reserved 1048576K
}
Event: 57.874 GC heap after
{Heap after GC invocations=61 (full 0):
 garbage-first heap   total 379904K, used 138576K [0x0000000080000000, 0x0000000100000000)
  region size 1024K, 6 young (6144K), 6 survivors (6144K)
 Metaspace       used 118717K, committed 119488K, reserved 1155072K
  class space    used 15902K, committed 16256K, reserved 1048576K
}
Event: 57.919 GC heap before
{Heap before GC invocations=61 (full 0):
 garbage-first heap   total 379904K, used 150864K [0x0000000080000000, 0x0000000100000000)
  region size 1024K, 18 young (18432K), 6 survivors (6144K)
 Metaspace       used 118717K, committed 119488K, reserved 1155072K
  class space    used 15902K, committed 16256K, reserved 1048576K
}
Event: 57.925 GC heap after
{Heap after GC invocations=62 (full 0):
 garbage-first heap   total 379904K, used 129751K [0x0000000080000000, 0x0000000100000000)
  region size 1024K, 1 young (1024K), 1 survivors (1024K)
 Metaspace       used 118717K, committed 119488K, reserved 1155072K
  class space    used 15902K, committed 16256K, reserved 1048576K
}
Event: 59.579 GC heap before
{Heap before GC invocations=62 (full 0):
 garbage-first heap   total 379904K, used 328407K [0x0000000080000000, 0x0000000100000000)
  region size 1024K, 194 young (198656K), 1 survivors (1024K)
 Metaspace       used 119046K, committed 119744K, reserved 1155072K
  class space    used 15933K, committed 16256K, reserved 1048576K
}
Event: 59.582 GC heap after
{Heap after GC invocations=63 (full 0):
 garbage-first heap   total 379904K, used 129906K [0x0000000080000000, 0x0000000100000000)
  region size 1024K, 1 young (1024K), 1 survivors (1024K)
 Metaspace       used 119046K, committed 119744K, reserved 1155072K
  class space    used 15933K, committed 16256K, reserved 1048576K
}
Event: 232.604 GC heap before
{Heap before GC invocations=63 (full 0):
 garbage-first heap   total 379904K, used 346994K [0x0000000080000000, 0x0000000100000000)
  region size 1024K, 197 young (201728K), 1 survivors (1024K)
 Metaspace       used 122168K, committed 122880K, reserved 1155072K
  class space    used 16325K, committed 16640K, reserved 1048576K
}
Event: 232.618 GC heap after
{Heap after GC invocations=64 (full 0):
 garbage-first heap   total 379904K, used 134096K [0x0000000080000000, 0x0000000100000000)
  region size 1024K, 5 young (5120K), 5 survivors (5120K)
 Metaspace       used 122168K, committed 122880K, reserved 1155072K
  class space    used 16325K, committed 16640K, reserved 1048576K
}

