# JRE version: OpenJDK Runtime Environment (17.0.6) (build 17.0.6+0-b2043.56-10027231)
# Java VM: OpenJDK 64-Bit Server VM (17.0.6+0-b2043.56-10027231, mixed mode, tiered, compressed oops, compressed class ptrs, g1 gc, windows-amd64)
GC Precious Log:
 CPUs: 4 total, 4 available
 Memory: 8083M
 Large Page Support: Disabled
 NUMA Support: Disabled
 Compressed Oops: Enabled (32-bit)
 Heap Region Size: 1M
 Heap Min Capacity: 8M
 Heap Initial Capacity: 128M
 Heap Max Capacity: 2G
 Pre-touch: Disabled
 Parallel Workers: 4
 Concurrent Workers: 1
 Concurrent Refinement Workers: 4
 Periodic GC: Disabled
Heap:
 garbage-first heap   total 463872K, used 323451K [0x0000000080000000, 0x0000000100000000)
  region size 1024K, 203 young (207872K), 14 survivors (14336K)
 Metaspace       used 107452K, committed 108160K, reserved 1146880K
  class space    used 14532K, committed 14848K, reserved 1048576K
GC Heap History (20 events):
Event: 26.299 GC heap before
{Heap before GC invocations=41 (full 0):
 garbage-first heap   total 215040K, used 176944K [0x0000000080000000, 0x0000000100000000)
  region size 1024K, 72 young (73728K), 2 survivors (2048K)
 Metaspace       used 106366K, committed 107008K, reserved 1146880K
  class space    used 14428K, committed 14720K, reserved 1048576K
}
Event: 26.309 GC heap after
{Heap after GC invocations=42 (full 0):
 garbage-first heap   total 215040K, used 104653K [0x0000000080000000, 0x0000000100000000)
  region size 1024K, 1 young (1024K), 1 survivors (1024K)
 Metaspace       used 106366K, committed 107008K, reserved 1146880K
  class space    used 14428K, committed 14720K, reserved 1048576K
}
Event: 27.408 GC heap before
{Heap before GC invocations=43 (full 0):
 garbage-first heap   total 215040K, used 178381K [0x0000000080000000, 0x0000000100000000)
  region size 1024K, 74 young (75776K), 1 survivors (1024K)
 Metaspace       used 106444K, committed 107072K, reserved 1146880K
  class space    used 14434K, committed 14720K, reserved 1048576K
}
Event: 27.419 GC heap after
{Heap after GC invocations=44 (full 0):
 garbage-first heap   total 215040K, used 110378K [0x0000000080000000, 0x0000000100000000)
  region size 1024K, 7 young (7168K), 7 survivors (7168K)
 Metaspace       used 106444K, committed 107072K, reserved 1146880K
  class space    used 14434K, committed 14720K, reserved 1048576K
}
Event: 27.444 GC heap before
{Heap before GC invocations=44 (full 0):
 garbage-first heap   total 215040K, used 113450K [0x0000000080000000, 0x0000000100000000)
  region size 1024K, 10 young (10240K), 7 survivors (7168K)
 Metaspace       used 106448K, committed 107072K, reserved 1146880K
  class space    used 14434K, committed 14720K, reserved 1048576K
}
Event: 27.461 GC heap after
{Heap after GC invocations=45 (full 0):
 garbage-first heap   total 215040K, used 108835K [0x0000000080000000, 0x0000000100000000)
  region size 1024K, 1 young (1024K), 1 survivors (1024K)
 Metaspace       used 106448K, committed 107072K, reserved 1146880K
  class space    used 14434K, committed 14720K, reserved 1048576K
}
Event: 28.002 GC heap before
{Heap before GC invocations=45 (full 0):
 garbage-first heap   total 215040K, used 178467K [0x0000000080000000, 0x0000000100000000)
  region size 1024K, 69 young (70656K), 1 survivors (1024K)
 Metaspace       used 106650K, committed 107328K, reserved 1146880K
  class space    used 14461K, committed 14784K, reserved 1048576K
}
Event: 28.015 GC heap after
{Heap after GC invocations=46 (full 0):
 garbage-first heap   total 215040K, used 112724K [0x0000000080000000, 0x0000000100000000)
  region size 1024K, 5 young (5120K), 5 survivors (5120K)
 Metaspace       used 106650K, committed 107328K, reserved 1146880K
  class space    used 14461K, committed 14784K, reserved 1048576K
}
Event: 28.773 GC heap before
{Heap before GC invocations=47 (full 0):
 garbage-first heap   total 224256K, used 177236K [0x0000000080000000, 0x0000000100000000)
  region size 1024K, 69 young (70656K), 5 survivors (5120K)
 Metaspace       used 106668K, committed 107328K, reserved 1146880K
  class space    used 14461K, committed 14784K, reserved 1048576K
}
Event: 28.791 GC heap after
{Heap after GC invocations=48 (full 0):
 garbage-first heap   total 224256K, used 118392K [0x0000000080000000, 0x0000000100000000)
  region size 1024K, 9 young (9216K), 9 survivors (9216K)
 Metaspace       used 106668K, committed 107328K, reserved 1146880K
  class space    used 14461K, committed 14784K, reserved 1048576K
}
Event: 28.795 GC heap before
{Heap before GC invocations=48 (full 0):
 garbage-first heap   total 224256K, used 119416K [0x0000000080000000, 0x0000000100000000)
  region size 1024K, 10 young (10240K), 9 survivors (9216K)
 Metaspace       used 106668K, committed 107328K, reserved 1146880K
  class space    used 14461K, committed 14784K, reserved 1048576K
}
Event: 28.815 GC heap after
{Heap after GC invocations=49 (full 0):
 garbage-first heap   total 463872K, used 119032K [0x0000000080000000, 0x0000000100000000)
  region size 1024K, 2 young (2048K), 2 survivors (2048K)
 Metaspace       used 106668K, committed 107328K, reserved 1146880K
  class space    used 14461K, committed 14784K, reserved 1048576K
}
Event: 30.726 GC heap before
{Heap before GC invocations=49 (full 0):
 garbage-first heap   total 463872K, used 380152K [0x0000000080000000, 0x0000000100000000)
  region size 1024K, 257 young (263168K), 2 survivors (2048K)
 Metaspace       used 106823K, committed 107456K, reserved 1146880K
  class space    used 14484K, committed 14784K, reserved 1048576K
}
Event: 30.746 GC heap after
{Heap after GC invocations=50 (full 0):
 garbage-first heap   total 463872K, used 128987K [0x0000000080000000, 0x0000000100000000)
  region size 1024K, 12 young (12288K), 12 survivors (12288K)
 Metaspace       used 106823K, committed 107456K, reserved 1146880K
  class space    used 14484K, committed 14784K, reserved 1048576K
}
Event: 32.221 GC heap before
{Heap before GC invocations=50 (full 0):
 garbage-first heap   total 463872K, used 364507K [0x0000000080000000, 0x0000000100000000)
  region size 1024K, 241 young (246784K), 12 survivors (12288K)
 Metaspace       used 107048K, committed 107712K, reserved 1146880K
  class space    used 14491K, committed 14784K, reserved 1048576K
}
Event: 32.242 GC heap after
{Heap after GC invocations=51 (full 0):
 garbage-first heap   total 463872K, used 130356K [0x0000000080000000, 0x0000000100000000)
  region size 1024K, 13 young (13312K), 13 survivors (13312K)
 Metaspace       used 107048K, committed 107712K, reserved 1146880K
  class space    used 14491K, committed 14784K, reserved 1048576K
}
Event: 33.591 GC heap before
{Heap before GC invocations=51 (full 0):
 garbage-first heap   total 463872K, used 376116K [0x0000000080000000, 0x0000000100000000)
  region size 1024K, 254 young (260096K), 13 survivors (13312K)
 Metaspace       used 107152K, committed 107840K, reserved 1146880K
  class space    used 14491K, committed 14784K, reserved 1048576K
}
Event: 33.611 GC heap after
{Heap after GC invocations=52 (full 0):
 garbage-first heap   total 463872K, used 130427K [0x0000000080000000, 0x0000000100000000)
  region size 1024K, 13 young (13312K), 13 survivors (13312K)
 Metaspace       used 107152K, committed 107840K, reserved 1146880K
  class space    used 14491K, committed 14784K, reserved 1048576K
}
Event: 35.166 GC heap before
{Heap before GC invocations=52 (full 0):
 garbage-first heap   total 463872K, used 386427K [0x0000000080000000, 0x0000000100000000)
  region size 1024K, 264 young (270336K), 13 survivors (13312K)
 Metaspace       used 107225K, committed 107904K, reserved 1146880K
  class space    used 14498K, committed 14784K, reserved 1048576K
}
Event: 35.189 GC heap after
{Heap after GC invocations=53 (full 0):
 garbage-first heap   total 463872K, used 131963K [0x0000000080000000, 0x0000000100000000)
  region size 1024K, 14 young (14336K), 14 survivors (14336K)
 Metaspace       used 107225K, committed 107904K, reserved 1146880K
  class space    used 14498K, committed 14784K, reserved 1048576K
}

