# JRE version: OpenJDK Runtime Environment (17.0.6) (build 17.0.6+0-b2043.56-10027231)
# Java VM: OpenJDK 64-Bit Server VM (17.0.6+0-b2043.56-10027231, mixed mode, tiered, compressed oops, compressed class ptrs, g1 gc, windows-amd64)
GC Precious Log:
 CPUs: 4 total, 4 available
 Memory: 8083M
 Large Page Support: Disabled
 NUMA Support: Disabled
 Compressed Oops: Enabled (32-bit)
 Heap Region Size: 1M
 Heap Min Capacity: 8M
 Heap Initial Capacity: 128M
 Heap Max Capacity: 2022M
 Pre-touch: Disabled
 Parallel Workers: 4
 Concurrent Workers: 1
 Concurrent Refinement Workers: 4
 Periodic GC: Disabled
Heap:
 garbage-first heap   total 134144K, used 51602K [0x0000000081a00000, 0x0000000100000000)
  region size 1024K, 4 young (4096K), 2 survivors (2048K)
 Metaspace       used 60946K, committed 61248K, reserved 1105920K
  class space    used 7289K, committed 7424K, reserved 1048576K
GC Heap History (20 events):
Event: 3.353 GC heap before
{Heap before GC invocations=6 (full 0):
 garbage-first heap   total 37888K, used 27890K [0x0000000081a00000, 0x0000000100000000)
  region size 1024K, 14 young (14336K), 1 survivors (1024K)
 Metaspace       used 30903K, committed 31104K, reserved 1081344K
  class space    used 3741K, committed 3840K, reserved 1048576K
}
Event: 3.361 GC heap after
{Heap after GC invocations=7 (full 0):
 garbage-first heap   total 63488K, used 15683K [0x0000000081a00000, 0x0000000100000000)
  region size 1024K, 2 young (2048K), 2 survivors (2048K)
 Metaspace       used 30903K, committed 31104K, reserved 1081344K
  class space    used 3741K, committed 3840K, reserved 1048576K
}
Event: 4.568 GC heap before
{Heap before GC invocations=7 (full 0):
 garbage-first heap   total 63488K, used 44355K [0x0000000081a00000, 0x0000000100000000)
  region size 1024K, 29 young (29696K), 2 survivors (2048K)
 Metaspace       used 35895K, committed 36096K, reserved 1081344K
  class space    used 4527K, committed 4608K, reserved 1048576K
}
Event: 4.583 GC heap after
{Heap after GC invocations=8 (full 0):
 garbage-first heap   total 63488K, used 21929K [0x0000000081a00000, 0x0000000100000000)
  region size 1024K, 4 young (4096K), 4 survivors (4096K)
 Metaspace       used 35895K, committed 36096K, reserved 1081344K
  class space    used 4527K, committed 4608K, reserved 1048576K
}
Event: 5.286 GC heap before
{Heap before GC invocations=9 (full 0):
 garbage-first heap   total 63488K, used 44457K [0x0000000081a00000, 0x0000000100000000)
  region size 1024K, 27 young (27648K), 4 survivors (4096K)
 Metaspace       used 40589K, committed 40832K, reserved 1089536K
  class space    used 4977K, committed 5056K, reserved 1048576K
}
Event: 5.306 GC heap after
{Heap after GC invocations=10 (full 0):
 garbage-first heap   total 63488K, used 24685K [0x0000000081a00000, 0x0000000100000000)
  region size 1024K, 3 young (3072K), 3 survivors (3072K)
 Metaspace       used 40589K, committed 40832K, reserved 1089536K
  class space    used 4977K, committed 5056K, reserved 1048576K
}
Event: 5.342 GC heap before
{Heap before GC invocations=10 (full 0):
 garbage-first heap   total 63488K, used 24685K [0x0000000081a00000, 0x0000000100000000)
  region size 1024K, 4 young (4096K), 3 survivors (3072K)
 Metaspace       used 40783K, committed 40960K, reserved 1089536K
  class space    used 4998K, committed 5056K, reserved 1048576K
}
Event: 5.351 GC heap after
{Heap after GC invocations=11 (full 0):
 garbage-first heap   total 63488K, used 24992K [0x0000000081a00000, 0x0000000100000000)
  region size 1024K, 1 young (1024K), 1 survivors (1024K)
 Metaspace       used 40783K, committed 40960K, reserved 1089536K
  class space    used 4998K, committed 5056K, reserved 1048576K
}
Event: 6.202 GC heap before
{Heap before GC invocations=11 (full 0):
 garbage-first heap   total 63488K, used 46496K [0x0000000081a00000, 0x0000000100000000)
  region size 1024K, 23 young (23552K), 1 survivors (1024K)
 Metaspace       used 46481K, committed 46784K, reserved 1097728K
  class space    used 5665K, committed 5824K, reserved 1048576K
}
Event: 6.213 GC heap after
{Heap after GC invocations=12 (full 0):
 garbage-first heap   total 63488K, used 26609K [0x0000000081a00000, 0x0000000100000000)
  region size 1024K, 3 young (3072K), 3 survivors (3072K)
 Metaspace       used 46481K, committed 46784K, reserved 1097728K
  class space    used 5665K, committed 5824K, reserved 1048576K
}
Event: 6.613 GC heap before
{Heap before GC invocations=12 (full 0):
 garbage-first heap   total 63488K, used 49137K [0x0000000081a00000, 0x0000000100000000)
  region size 1024K, 24 young (24576K), 3 survivors (3072K)
 Metaspace       used 47566K, committed 47808K, reserved 1097728K
  class space    used 5775K, committed 5888K, reserved 1048576K
}
Event: 6.627 GC heap after
{Heap after GC invocations=13 (full 0):
 garbage-first heap   total 108544K, used 32055K [0x0000000081a00000, 0x0000000100000000)
  region size 1024K, 3 young (3072K), 3 survivors (3072K)
 Metaspace       used 47566K, committed 47808K, reserved 1097728K
  class space    used 5775K, committed 5888K, reserved 1048576K
}
Event: 8.068 GC heap before
{Heap before GC invocations=13 (full 0):
 garbage-first heap   total 108544K, used 75063K [0x0000000081a00000, 0x0000000100000000)
  region size 1024K, 45 young (46080K), 3 survivors (3072K)
 Metaspace       used 51756K, committed 52032K, reserved 1097728K
  class space    used 6179K, committed 6336K, reserved 1048576K
}
Event: 8.091 GC heap after
{Heap after GC invocations=14 (full 0):
 garbage-first heap   total 108544K, used 37206K [0x0000000081a00000, 0x0000000100000000)
  region size 1024K, 6 young (6144K), 6 survivors (6144K)
 Metaspace       used 51756K, committed 52032K, reserved 1097728K
  class space    used 6179K, committed 6336K, reserved 1048576K
}
Event: 9.696 GC heap before
{Heap before GC invocations=14 (full 0):
 garbage-first heap   total 108544K, used 79190K [0x0000000081a00000, 0x0000000100000000)
  region size 1024K, 47 young (48128K), 6 survivors (6144K)
 Metaspace       used 53969K, committed 54272K, reserved 1097728K
  class space    used 6330K, committed 6464K, reserved 1048576K
}
Event: 9.735 GC heap after
{Heap after GC invocations=15 (full 0):
 garbage-first heap   total 108544K, used 44730K [0x0000000081a00000, 0x0000000100000000)
  region size 1024K, 6 young (6144K), 6 survivors (6144K)
 Metaspace       used 53969K, committed 54272K, reserved 1097728K
  class space    used 6330K, committed 6464K, reserved 1048576K
}
Event: 10.625 GC heap before
{Heap before GC invocations=15 (full 0):
 garbage-first heap   total 108544K, used 80570K [0x0000000081a00000, 0x0000000100000000)
  region size 1024K, 41 young (41984K), 6 survivors (6144K)
 Metaspace       used 56977K, committed 57280K, reserved 1105920K
  class space    used 6694K, committed 6848K, reserved 1048576K
}
Event: 10.658 GC heap after
{Heap after GC invocations=16 (full 0):
 garbage-first heap   total 108544K, used 49664K [0x0000000081a00000, 0x0000000100000000)
  region size 1024K, 4 young (4096K), 4 survivors (4096K)
 Metaspace       used 56977K, committed 57280K, reserved 1105920K
  class space    used 6694K, committed 6848K, reserved 1048576K
}
Event: 11.439 GC heap before
{Heap before GC invocations=16 (full 0):
 garbage-first heap   total 108544K, used 62976K [0x0000000081a00000, 0x0000000100000000)
  region size 1024K, 18 young (18432K), 4 survivors (4096K)
 Metaspace       used 60457K, committed 60736K, reserved 1105920K
  class space    used 7212K, committed 7360K, reserved 1048576K
}
Event: 11.453 GC heap after
{Heap after GC invocations=17 (full 0):
 garbage-first heap   total 134144K, used 50578K [0x0000000081a00000, 0x0000000100000000)
  region size 1024K, 2 young (2048K), 2 survivors (2048K)
 Metaspace       used 60457K, committed 60736K, reserved 1105920K
  class space    used 7212K, committed 7360K, reserved 1048576K
}

