# JRE version: OpenJDK Runtime Environment (17.0.6) (build 17.0.6+0-b2043.56-10027231)
# Java VM: OpenJDK 64-Bit Server VM (17.0.6+0-b2043.56-10027231, mixed mode, tiered, compressed oops, compressed class ptrs, g1 gc, windows-amd64)
GC Precious Log:
 CPUs: 4 total, 4 available
 Memory: 8083M
 Large Page Support: Disabled
 NUMA Support: Disabled
 Compressed Oops: Enabled (32-bit)
 Heap Region Size: 1M
 Heap Min Capacity: 8M
 Heap Initial Capacity: 128M
 Heap Max Capacity: 2G
 Pre-touch: Disabled
 Parallel Workers: 4
 Concurrent Workers: 1
 Concurrent Refinement Workers: 4
 Periodic GC: Disabled
Heap:
 garbage-first heap   total 337920K, used 160679K [0x0000000080000000, 0x0000000100000000)
  region size 1024K, 4 young (4096K), 4 survivors (4096K)
 Metaspace       used 116124K, committed 116928K, reserved 1155072K
  class space    used 14835K, committed 15232K, reserved 1048576K
GC Heap History (20 events):
Event: 1077.867 GC heap after
{Heap after GC invocations=71 (full 0):
 garbage-first heap   total 269312K, used 141690K [0x0000000080000000, 0x0000000100000000)
  region size 1024K, 2 young (2048K), 2 survivors (2048K)
 Metaspace       used 108350K, committed 109056K, reserved 1146880K
  class space    used 14176K, committed 14528K, reserved 1048576K
}
Event: 1077.909 GC heap before
{Heap before GC invocations=71 (full 0):
 garbage-first heap   total 269312K, used 143738K [0x0000000080000000, 0x0000000100000000)
  region size 1024K, 5 young (5120K), 2 survivors (2048K)
 Metaspace       used 108364K, committed 109120K, reserved 1146880K
  class space    used 14176K, committed 14528K, reserved 1048576K
}
Event: 1077.914 GC heap after
{Heap after GC invocations=72 (full 0):
 garbage-first heap   total 323584K, used 141690K [0x0000000080000000, 0x0000000100000000)
  region size 1024K, 2 young (2048K), 2 survivors (2048K)
 Metaspace       used 108364K, committed 109120K, reserved 1146880K
  class space    used 14176K, committed 14528K, reserved 1048576K
}
Event: 1080.629 GC heap before
{Heap before GC invocations=73 (full 0):
 garbage-first heap   total 323584K, used 247162K [0x0000000080000000, 0x0000000100000000)
  region size 1024K, 86 young (88064K), 2 survivors (2048K)
 Metaspace       used 111148K, committed 112000K, reserved 1146880K
  class space    used 14389K, committed 14784K, reserved 1048576K
}
Event: 1080.650 GC heap after
{Heap after GC invocations=74 (full 0):
 garbage-first heap   total 323584K, used 149163K [0x0000000080000000, 0x0000000100000000)
  region size 1024K, 11 young (11264K), 11 survivors (11264K)
 Metaspace       used 111148K, committed 112000K, reserved 1146880K
  class space    used 14389K, committed 14784K, reserved 1048576K
}
Event: 1080.688 GC heap before
{Heap before GC invocations=74 (full 0):
 garbage-first heap   total 323584K, used 153259K [0x0000000080000000, 0x0000000100000000)
  region size 1024K, 15 young (15360K), 11 survivors (11264K)
 Metaspace       used 111185K, committed 112000K, reserved 1146880K
  class space    used 14392K, committed 14784K, reserved 1048576K
}
Event: 1080.717 GC heap after
{Heap after GC invocations=75 (full 0):
 garbage-first heap   total 323584K, used 144372K [0x0000000080000000, 0x0000000100000000)
  region size 1024K, 2 young (2048K), 2 survivors (2048K)
 Metaspace       used 111185K, committed 112000K, reserved 1146880K
  class space    used 14392K, committed 14784K, reserved 1048576K
}
Event: 1090.150 GC heap before
{Heap before GC invocations=75 (full 0):
 garbage-first heap   total 323584K, used 232436K [0x0000000080000000, 0x0000000100000000)
  region size 1024K, 89 young (91136K), 2 survivors (2048K)
 Metaspace       used 112096K, committed 112896K, reserved 1146880K
  class space    used 14470K, committed 14848K, reserved 1048576K
}
Event: 1090.192 GC heap after
{Heap after GC invocations=76 (full 0):
 garbage-first heap   total 323584K, used 159744K [0x0000000080000000, 0x0000000100000000)
  region size 1024K, 12 young (12288K), 12 survivors (12288K)
 Metaspace       used 112096K, committed 112896K, reserved 1146880K
  class space    used 14470K, committed 14848K, reserved 1048576K
}
Event: 1097.030 GC heap before
{Heap before GC invocations=77 (full 0):
 garbage-first heap   total 323584K, used 242688K [0x0000000080000000, 0x0000000100000000)
  region size 1024K, 92 young (94208K), 12 survivors (12288K)
 Metaspace       used 115878K, committed 116736K, reserved 1155072K
  class space    used 14826K, committed 15232K, reserved 1048576K
}
Event: 1097.074 GC heap after
{Heap after GC invocations=78 (full 0):
 garbage-first heap   total 323584K, used 171281K [0x0000000080000000, 0x0000000100000000)
  region size 1024K, 12 young (12288K), 12 survivors (12288K)
 Metaspace       used 115878K, committed 116736K, reserved 1155072K
  class space    used 14826K, committed 15232K, reserved 1048576K
}
Event: 1097.093 GC heap before
{Heap before GC invocations=78 (full 0):
 garbage-first heap   total 323584K, used 174353K [0x0000000080000000, 0x0000000100000000)
  region size 1024K, 15 young (15360K), 12 survivors (12288K)
 Metaspace       used 115879K, committed 116736K, reserved 1155072K
  class space    used 14826K, committed 15232K, reserved 1048576K
}
Event: 1097.120 GC heap after
{Heap after GC invocations=79 (full 0):
 garbage-first heap   total 323584K, used 159232K [0x0000000080000000, 0x0000000100000000)
  region size 1024K, 2 young (2048K), 2 survivors (2048K)
 Metaspace       used 115879K, committed 116736K, reserved 1155072K
  class space    used 14826K, committed 15232K, reserved 1048576K
}
Event: 1097.305 GC heap before
{Heap before GC invocations=79 (full 0):
 garbage-first heap   total 323584K, used 166400K [0x0000000080000000, 0x0000000100000000)
  region size 1024K, 10 young (10240K), 2 survivors (2048K)
 Metaspace       used 115889K, committed 116736K, reserved 1155072K
  class space    used 14827K, committed 15232K, reserved 1048576K
}
Event: 1097.318 GC heap after
{Heap after GC invocations=80 (full 0):
 garbage-first heap   total 323584K, used 162283K [0x0000000080000000, 0x0000000100000000)
  region size 1024K, 5 young (5120K), 5 survivors (5120K)
 Metaspace       used 115889K, committed 116736K, reserved 1155072K
  class space    used 14827K, committed 15232K, reserved 1048576K
}
Event: 1098.474 GC heap before
{Heap before GC invocations=81 (full 0):
 garbage-first heap   total 337920K, used 256491K [0x0000000080000000, 0x0000000100000000)
  region size 1024K, 85 young (87040K), 5 survivors (5120K)
 Metaspace       used 115998K, committed 116800K, reserved 1155072K
  class space    used 14831K, committed 15232K, reserved 1048576K
}
Event: 1098.493 GC heap after
{Heap after GC invocations=82 (full 0):
 garbage-first heap   total 337920K, used 168655K [0x0000000080000000, 0x0000000100000000)
  region size 1024K, 11 young (11264K), 11 survivors (11264K)
 Metaspace       used 115998K, committed 116800K, reserved 1155072K
  class space    used 14831K, committed 15232K, reserved 1048576K
}
Event: 1098.512 GC heap before
{Heap before GC invocations=82 (full 0):
 garbage-first heap   total 337920K, used 173775K [0x0000000080000000, 0x0000000100000000)
  region size 1024K, 16 young (16384K), 11 survivors (11264K)
 Metaspace       used 116001K, committed 116800K, reserved 1155072K
  class space    used 14831K, committed 15232K, reserved 1048576K
}
Event: 1098.546 GC heap after
{Heap after GC invocations=83 (full 0):
 garbage-first heap   total 337920K, used 159364K [0x0000000080000000, 0x0000000100000000)
  region size 1024K, 2 young (2048K), 2 survivors (2048K)
 Metaspace       used 116001K, committed 116800K, reserved 1155072K
  class space    used 14831K, committed 15232K, reserved 1048576K
}
Event: 1098.861 GC heap before
{Heap before GC invocations=83 (full 0):
 garbage-first heap   total 337920K, used 178820K [0x0000000080000000, 0x0000000100000000)
  region size 1024K, 22 young (22528K), 2 survivors (2048K)
 Metaspace       used 116124K, committed 116928K, reserved 1155072K
  class space    used 14835K, committed 15232K, reserved 1048576K
}

